<?xml version="1.0" encoding="UTF-8"?>
<testsuite name="graph.NodeTest" tests="3" skipped="0" failures="0" errors="0" timestamp="2022-05-31T07:27:27" hostname="RITZPC" time="0.002">
  <properties/>
  <testcase name="testCompareSameNode$Dijkstra()" classname="graph.NodeTest" time="0.0"/>
  <testcase name="testSetNodeId$Dijkstra()" classname="graph.NodeTest" time="0.0"/>
  <testcase name="testCompareDifferentNode$Dijkstra()" classname="graph.NodeTest" time="0.001"/>
  <system-out><![CDATA[]]></system-out>
  <system-err><![CDATA[]]></system-err>
</testsuite>
