<?xml version="1.0" encoding="UTF-8"?>
<testsuite name="graph.NodesTest" tests="1" skipped="0" failures="0" errors="0" timestamp="2022-05-31T07:27:27" hostname="RITZPC" time="0.003">
  <properties/>
  <testcase name="testAddNode$Dijkstra()" classname="graph.NodesTest" time="0.003"/>
  <system-out><![CDATA[]]></system-out>
  <system-err><![CDATA[]]></system-err>
</testsuite>
